#
# A fatal error has been detected by the Java Runtime Environment:
#
#  EXCEPTION_ACCESS_VIOLATION (0xc0000005) at pc=0x000000006eee4a1b, pid=3564, tid=6064
#
# JRE version: Java(TM) SE Runtime Environment (7.0_79-b15) (build 1.7.0_79-b15)
# Java VM: Java HotSpot(TM) 64-Bit Server VM (24.79-b02 mixed mode windows-amd64 compressed oops)
# Problematic frame:
# V  [jvm.dll+0x144a1b]
#
# Failed to write core dump. Minidumps are not enabled by default on client versions of Windows
#
# If you would like to submit a bug report, please visit:
#   http://bugreport.java.com/bugreport/crash.jsp
#

---------------  T H R E A D  ---------------

Current thread (0x000000000bcf9000):  JavaThread "JDWP Transport Listener: dt_socket" daemon [_thread_in_vm, id=6064, stack(0x000000000dd60000,0x000000000de60000)]

siginfo: ExceptionCode=0xc0000005, reading address 0xffffffffffffffff

Registers:
RAX=0x000000000de5f301, RBX=0x000000000bcf9000, RCX=0x003b6c6165446174, RDX=0x0000000000000000
RSP=0x000000000de5f2e0, RBP=0x003b6c6165446174, RSI=0x000000000de5f3f8, RDI=0x0000000001ff8700
R8 =0x000000000bcf9000, R9 =0x0000000000000700, R10=0x6a2f67726f4c3b67, R11=0x654d678c00320039
R12=0x0000000000000000, R13=0x00000000020f9ef8, R14=0x0000000000000000, R15=0x0000000000000000
RIP=0x000000006eee4a1b, EFLAGS=0x0000000000010206

Top of Stack: (sp=0x000000000de5f2e0)
0x000000000de5f2e0:   000000000bcf9000 0000000000000004
0x000000000de5f2f0:   000000000de5f3a8 000000006f086a59
0x000000000de5f300:   000000000bcf9000 000000006f0a4602
0x000000000de5f310:   0000000000000075 000000005b808e8d
0x000000000de5f320:   000000000bc067c8 000000005b812666
0x000000000de5f330:   000000000bcf9000 0000000000000000
0x000000000de5f340:   0000000000000000 0000000000000000
0x000000000de5f350:   003b6c6165446174 000000005b81175d
0x000000000de5f360:   000000000de5f3f8 000000000de5f3d0
0x000000000de5f370:   0000000000000001 000000000bc067c8
0x000000000de5f380:   003b6c6165446174 000000005b7f53b3
0x000000000de5f390:   000000000de5f4c0 0000000000000001
0x000000000de5f3a0:   0000000000000001 000000000bc067c8
0x000000000de5f3b0:   000000000000000a 0000000000000000
0x000000000de5f3c0:   0000000000000000 0000000000000000
0x000000000de5f3d0:   0000000000000001 000000005b7f5571 

Instructions: (pc=0x000000006eee4a1b)
0x000000006eee49fb:   48 8b 5c 24 30 48 89 47 18 48 83 c4 20 5f c3 cc
0x000000006eee4a0b:   cc cc cc cc cc 40 53 48 83 ec 20 48 85 c9 74 54
0x000000006eee4a1b:   48 8b 19 48 85 db 74 4c 48 b8 fe fe fe fe fe fe
0x000000006eee4a2b:   fe fe 48 3b d8 74 3d 80 3d 8f 26 61 00 00 74 15 


Register to memory mapping:

RAX=0x000000000de5f301 is pointing into the stack for thread: 0x000000000bcf9000
RBX=0x000000000bcf9000 is a thread
RCX=0x003b6c6165446174 is an unknown value
RDX=0x0000000000000000 is an unknown value
RSP=0x000000000de5f2e0 is pointing into the stack for thread: 0x000000000bcf9000
RBP=0x003b6c6165446174 is an unknown value
RSI=0x000000000de5f3f8 is pointing into the stack for thread: 0x000000000bcf9000
RDI=0x0000000001ff8700 is an unknown value
R8 =0x000000000bcf9000 is a thread
R9 =0x0000000000000700 is an unknown value
R10=0x6a2f67726f4c3b67 is an unknown value
R11=0x654d678c00320039 is an unknown value
R12=0x0000000000000000 is an unknown value
R13=0x00000000020f9ef8 is an unknown value
R14=0x0000000000000000 is an unknown value
R15=0x0000000000000000 is an unknown value


Stack: [0x000000000dd60000,0x000000000de60000],  sp=0x000000000de5f2e0,  free space=1020k
Native frames: (J=compiled Java code, j=interpreted, Vv=VM code, C=native code)
V  [jvm.dll+0x144a1b]


---------------  P R O C E S S  ---------------

Java Threads: ( => current thread )
  0x000000000d258800 JavaThread "Service Thread" daemon [_thread_blocked, id=9068, stack(0x000000000e670000,0x000000000e770000)]
  0x000000000d256000 JavaThread "C2 CompilerThread1" daemon [_thread_blocked, id=8700, stack(0x000000000e420000,0x000000000e520000)]
  0x000000000d254800 JavaThread "C2 CompilerThread0" daemon [_thread_blocked, id=4224, stack(0x000000000e2d0000,0x000000000e3d0000)]
  0x000000000d239800 JavaThread "JDWP Command Reader" daemon [_thread_in_native, id=5880, stack(0x000000000e100000,0x000000000e200000)]
  0x000000000d236000 JavaThread "JDWP Event Helper Thread" daemon [_thread_blocked, id=6688, stack(0x000000000df50000,0x000000000e050000)]
=>0x000000000bcf9000 JavaThread "JDWP Transport Listener: dt_socket" daemon [_thread_in_vm, id=6064, stack(0x000000000dd60000,0x000000000de60000)]
  0x000000000bc0f000 JavaThread "Attach Listener" daemon [_thread_blocked, id=8608, stack(0x000000000d640000,0x000000000d740000)]
  0x000000000bcda800 JavaThread "Signal Dispatcher" daemon [_thread_blocked, id=5836, stack(0x000000000cfe0000,0x000000000d0e0000)]
  0x000000000bc02000 JavaThread "Finalizer" daemon [_thread_blocked, id=924, stack(0x000000000d0f0000,0x000000000d1f0000)]
  0x000000000bbfc000 JavaThread "Reference Handler" daemon [_thread_blocked, id=7864, stack(0x000000000ce10000,0x000000000cf10000)]
  0x000000000203c000 JavaThread "main" [_thread_blocked, id=8992, stack(0x00000000023b0000,0x00000000024b0000)]

Other Threads:
  0x000000000bcd0800 VMThread [stack: 0x000000000cc30000,0x000000000cd30000] [id=8824]
  0x000000000d275800 WatcherThread [stack: 0x000000000e820000,0x000000000e920000] [id=7676]

VM state:not at safepoint (normal execution)

VM Mutex/Monitor currently owned by a thread: None

Heap
 PSYoungGen      total 48128K, used 16522K [0x00000007cac00000, 0x00000007ce180000, 0x0000000800000000)
  eden space 41472K, 39% used [0x00000007cac00000,0x00000007cbc22810,0x00000007cd480000)
  from space 6656K, 0% used [0x00000007cdb00000,0x00000007cdb00000,0x00000007ce180000)
  to   space 6656K, 0% used [0x00000007cd480000,0x00000007cd480000,0x00000007cdb00000)
 ParOldGen       total 109056K, used 0K [0x0000000760400000, 0x0000000766e80000, 0x00000007cac00000)
  object space 109056K, 0% used [0x0000000760400000,0x0000000760400000,0x0000000766e80000)
 PSPermGen       total 21504K, used 4544K [0x000000075b200000, 0x000000075c700000, 0x0000000760400000)
  object space 21504K, 21% used [0x000000075b200000,0x000000075b670180,0x000000075c700000)

Card table byte_map: [0x00000000054b0000,0x00000000059e0000] byte_map_base: 0x00000000019d7000

Polling page: 0x0000000001c60000

Code Cache  [0x00000000024b0000, 0x0000000002720000, 0x00000000054b0000)
 total_blobs=282 nmethods=97 adapters=145 free_code_cache=48428Kb largest_free_block=49487552

Compilation events (10 events):
Event: 0.839 Thread 0x000000000d254800 nmethod 93 0x0000000002538010 code [0x0000000002538160, 0x00000000025382d8]
Event: 0.839 Thread 0x000000000d254800   94             java.lang.AbstractStringBuilder::append (29 bytes)
Event: 0.843 Thread 0x000000000d254800 nmethod 94 0x0000000002537910 code [0x0000000002537a60, 0x0000000002537db8]
Event: 0.843 Thread 0x000000000d254800   95             java.lang.String::toLowerCase (439 bytes)
Event: 0.863 Thread 0x000000000d254800 nmethod 95 0x0000000002545d50 code [0x0000000002545f80, 0x00000000025471a0]
Event: 0.863 Thread 0x000000000d254800   96             org.jsoup.nodes.LeafNode::childNodeSize (2 bytes)
Event: 0.863 Thread 0x000000000d254800 nmethod 96 0x0000000002537710 code [0x0000000002537840, 0x0000000002537898]
Event: 1.180 Thread 0x000000000d256000 nmethod 54 0x0000000002558f90 code [0x000000000255a480, 0x00000000025695f0]
Event: 4.220 Thread 0x000000000d254800   97             java.lang.StringBuilder::append (8 bytes)
Event: 4.223 Thread 0x000000000d254800 nmethod 97 0x0000000002536f50 code [0x00000000025370a0, 0x0000000002537418]

GC Heap History (0 events):
No events

Deoptimization events (6 events):
Event: 0.708 Thread 0x000000000203c000 Uncommon trap: reason=unloaded action=reinterpret pc=0x0000000002530598 method=org.jsoup.parser.TokeniserState$1.read(Lorg/jsoup/parser/Tokeniser;Lorg/jsoup/parser/CharacterReader;)V @ 85
Event: 0.759 Thread 0x000000000203c000 Uncommon trap: reason=unloaded action=reinterpret pc=0x00000000025183c8 method=java.lang.CharacterData.of(I)Ljava/lang/CharacterData; @ 96
Event: 0.804 Thread 0x000000000203c000 Uncommon trap: reason=class_check action=maybe_recompile pc=0x00000000025344b0 method=org.jsoup.nodes.Node.nextSibling()Lorg/jsoup/nodes/Node; @ 13
Event: 0.804 Thread 0x000000000203c000 Uncommon trap: reason=unreached action=reinterpret pc=0x00000000025345e0 method=org.jsoup.nodes.Node.nextSibling()Lorg/jsoup/nodes/Node; @ 4
Event: 516.403 Thread 0x000000000203c000 Uncommon trap: reason=bimorphic action=maybe_recompile pc=0x000000000253e028 method=org.jsoup.select.NodeTraversor.traverse(Lorg/jsoup/select/NodeVisitor;Lorg/jsoup/nodes/Node;)V @ 11
Event: 516.407 Thread 0x000000000203c000 Uncommon trap: reason=bimorphic action=maybe_recompile pc=0x000000000253e028 method=org.jsoup.select.NodeTraversor.traverse(Lorg/jsoup/select/NodeVisitor;Lorg/jsoup/nodes/Node;)V @ 11

Internal exceptions (10 events):
Event: 0.720 Thread 0x000000000203c000 Threw 0x00000007cb9a1a08 at C:\re\jdk7u79\2331\hotspot\src\share\vm\prims\jvm.cpp:1304
Event: 0.721 Thread 0x000000000203c000 Threw 0x00000007cb9a6408 at C:\re\jdk7u79\2331\hotspot\src\share\vm\prims\jvm.cpp:1304
Event: 0.804 Thread 0x000000000203c000 Implicit null exception at 0x00000000025342f4 to 0x00000000025345cd
Event: 0.804 Thread 0x000000000203c000 Threw 0x00000007cbb3e310 at C:\re\jdk7u79\2331\hotspot\src\share\vm\prims\jvm.cpp:1304
Event: 0.805 Thread 0x000000000203c000 Threw 0x00000007cbb41c50 at C:\re\jdk7u79\2331\hotspot\src\share\vm\prims\jvm.cpp:1304
Event: 0.806 Thread 0x000000000203c000 Threw 0x00000007cbb45e10 at C:\re\jdk7u79\2331\hotspot\src\share\vm\prims\jvm.cpp:1304
Event: 0.807 Thread 0x000000000203c000 Threw 0x00000007cbb49b30 at C:\re\jdk7u79\2331\hotspot\src\share\vm\prims\jvm.cpp:1304
Event: 516.401 Thread 0x000000000203c000 Threw 0x00000007cbbdbc78 at C:\re\jdk7u79\2331\hotspot\src\share\vm\prims\jvm.cpp:1304
Event: 516.403 Thread 0x000000000203c000 Threw 0x00000007cbbe0000 at C:\re\jdk7u79\2331\hotspot\src\share\vm\prims\jvm.cpp:1304
Event: 516.403 Thread 0x000000000203c000 Threw 0x00000007cbbe4080 at C:\re\jdk7u79\2331\hotspot\src\share\vm\prims\jvm.cpp:1304

Events (10 events):
Event: 1143.602 Executing VM operation: GetCurrentLocation
Event: 1143.602 Executing VM operation: GetCurrentLocation done
Event: 1143.602 Executing VM operation: EnterInterpOnlyMode
Event: 1143.602 Executing VM operation: EnterInterpOnlyMode done
Event: 1143.602 Executing VM operation: ChangeSingleStep
Event: 1143.602 Executing VM operation: ChangeSingleStep done
Event: 1143.602 Executing VM operation: ChangeSingleStep
Event: 1143.602 Executing VM operation: ChangeSingleStep done
Event: 1143.606 Executing VM operation: RedefineClasses
Event: 1143.608 Executing VM operation: RedefineClasses done


Dynamic libraries:
0x000000013f9b0000 - 0x000000013f9e3000 	E:\Program Files\Java\jdk1.7.0_79\jre\bin\javaw.exe
0x00000000776c0000 - 0x000000007786a000 	C:\Windows\SYSTEM32\ntdll.dll
0x00000000775a0000 - 0x00000000776bf000 	C:\Windows\system32\kernel32.dll
0x000007fefd6f0000 - 0x000007fefd75a000 	C:\Windows\system32\KERNELBASE.dll
0x000007fefdee0000 - 0x000007fefdfbb000 	C:\Windows\system32\ADVAPI32.dll
0x000007feff930000 - 0x000007feff9cf000 	C:\Windows\system32\msvcrt.dll
0x000007fefd7f0000 - 0x000007fefd80f000 	C:\Windows\SYSTEM32\sechost.dll
0x000007fefe7a0000 - 0x000007fefe8cd000 	C:\Windows\system32\RPCRT4.dll
0x00000000774a0000 - 0x000000007759a000 	C:\Windows\system32\USER32.dll
0x000007fefe0c0000 - 0x000007fefe127000 	C:\Windows\system32\GDI32.dll
0x000007fefdcf0000 - 0x000007fefdcfe000 	C:\Windows\system32\LPK.dll
0x000007fefd810000 - 0x000007fefd8da000 	C:\Windows\system32\USP10.dll
0x000007fefb900000 - 0x000007fefbaf4000 	C:\Windows\WinSxS\amd64_microsoft.windows.common-controls_6595b64144ccf1df_6.0.7601.18837_none_fa3b1e3d17594757\COMCTL32.dll
0x000007fefe130000 - 0x000007fefe1a1000 	C:\Windows\system32\SHLWAPI.dll
0x000007fefd910000 - 0x000007fefd93e000 	C:\Windows\system32\IMM32.DLL
0x000007fefdbe0000 - 0x000007fefdce9000 	C:\Windows\system32\MSCTF.dll
0x0000000078760000 - 0x0000000078832000 	E:\Program Files\Java\jdk1.7.0_79\jre\bin\msvcr100.dll
0x000000006eda0000 - 0x000000006f575000 	E:\Program Files\Java\jdk1.7.0_79\jre\bin\server\jvm.dll
0x000007fef9660000 - 0x000007fef9669000 	C:\Windows\system32\WSOCK32.dll
0x000007fefde90000 - 0x000007fefdedd000 	C:\Windows\system32\WS2_32.dll
0x000007fefd8e0000 - 0x000007fefd8e8000 	C:\Windows\system32\NSI.dll
0x000007fefb280000 - 0x000007fefb2bb000 	C:\Windows\system32\WINMM.dll
0x0000000077880000 - 0x0000000077887000 	C:\Windows\system32\PSAPI.DLL
0x0000000062600000 - 0x000000006260f000 	E:\Program Files\Java\jdk1.7.0_79\jre\bin\verify.dll
0x000000005ae50000 - 0x000000005ae78000 	E:\Program Files\Java\jdk1.7.0_79\jre\bin\java.dll
0x000000005b7f0000 - 0x000000005b825000 	E:\Program Files\Java\jdk1.7.0_79\jre\bin\jdwp.dll
0x0000000062610000 - 0x0000000062618000 	E:\Program Files\Java\jdk1.7.0_79\jre\bin\npt.dll
0x0000000055010000 - 0x0000000055025000 	E:\Program Files\Java\jdk1.7.0_79\jre\bin\zip.dll
0x0000000061840000 - 0x0000000061849000 	E:\Program Files\Java\jdk1.7.0_79\jre\bin\dt_socket.dll
0x000007fefb0c0000 - 0x000007fefb0d5000 	C:\Windows\system32\NLAapi.dll
0x000007fef5a20000 - 0x000007fef5a35000 	C:\Windows\system32\napinsp.dll
0x000007fef5a00000 - 0x000007fef5a19000 	C:\Windows\system32\pnrpnsp.dll
0x000007fefcb20000 - 0x000007fefcb75000 	C:\Windows\System32\mswsock.dll
0x000007fefc9a0000 - 0x000007fefc9fb000 	C:\Windows\system32\DNSAPI.dll
0x000007fef9090000 - 0x000007fef909b000 	C:\Windows\System32\winrnr.dll
0x0000000070790000 - 0x00000000707b6000 	C:\Program Files\Bonjour\mdnsNSP.dll
0x000007fefad00000 - 0x000007fefad27000 	C:\Windows\system32\Iphlpapi.DLL
0x000007fefacf0000 - 0x000007fefacfb000 	C:\Windows\system32\WINNSI.DLL
0x000007fefa850000 - 0x000007fefa8a3000 	C:\Windows\System32\fwpuclnt.dll
0x000007fef59f0000 - 0x000007fef59f8000 	C:\Windows\system32\rasadhlp.dll
0x000007fefc540000 - 0x000007fefc547000 	C:\Windows\System32\wshtcpip.dll
0x000007fef5be0000 - 0x000007fef5d05000 	C:\Windows\system32\dbghelp.dll

VM Arguments:
jvm_args: -agentlib:jdwp=transport=dt_socket,suspend=y,address=localhost:52772 -Dfile.encoding=UTF-8 -Xbootclasspath:E:\Program Files\Java\jdk1.7.0_79\jre\lib\resources.jar;E:\Program Files\Java\jdk1.7.0_79\jre\lib\endorsed\rt_debug.jar;E:\Program Files\Java\jdk1.7.0_79\jre\lib\rt.jar;E:\Program Files\Java\jdk1.7.0_79\jre\lib\jsse.jar;E:\Program Files\Java\jdk1.7.0_79\jre\lib\jce.jar;E:\Program Files\Java\jdk1.7.0_79\jre\lib\charsets.jar;E:\Program Files\Java\jdk1.7.0_79\jre\lib\jfr.jar 
java_command: org.beiyi.datadeal.MicromedexDataDeal
Launcher Type: SUN_STANDARD

Environment Variables:
JAVA_HOME=C:\Program Files\Java\jdk1.8.0_65
PATH=E:\Program Files\Java\jdk1.7.0_79\jre\bin;C:/Program Files/Java/jdk1.8.0_65/bin/../jre/bin/server;C:/Program Files/Java/jdk1.8.0_65/bin/../jre/bin;C:/Program Files/Java/jdk1.8.0_65/bin/../jre/lib/amd64;E:\Program Files (x86)\Yarn\bin\;C:\Program Files\Java\jdk1.8.0_65\bin;C:\Perl\site\bin;C:\Perl\bin;C:\Program Files (x86)\Common Files\NetSarang;C:\oraclexe\app\oracle\product\10.2.0\server\bin;C:\Program Files (x86)\Intel\iCLS Client\;C:\Program Files\Intel\iCLS Client\;C:\Windows\system32;C:\Windows;C:\Windows\System32\Wbem;C:\Windows\System32\WindowsPowerShell\v1.0\;C:\Program Files (x86)\ATITechnologie\ATI.ACE\Core-Static;E:\apache-ant-1.9.4\bin;E:\apache-maven-3.3.3\bin;E:\Program Files\TortoiseSVN\bin;E:\Program Files\MongoDB 2.6 Standard\bin;E:\gradle-2.14.1\bin;E:\Program Files\apache-maven;E:\phantomjs\bin;C:\Program Files\Git\cmd;E:\Program Files\sqlite;C:\Python34;E:\Program Files\Go\bin;D:\迅雷下载;C:\Program Files\nodejs\;E:\gradle-2.14.1\bin;E:\Program Files (x86)\SSH Communications Security\SSH Secure Shell;C:\Program Files\Java\jdk1.8.0_65\jre\bin;E:\phantomjs\bin;E:\Program Files\Fiddler;C:\Users\2bu\AppData\Roaming\npm;C:\Users\2bu\AppData\Local\Yarn\bin;E:\Program Files\eclipse;
USERNAME=2bu
OS=Windows_NT
PROCESSOR_IDENTIFIER=Intel64 Family 6 Model 42 Stepping 7, GenuineIntel



---------------  S Y S T E M  ---------------

OS: Windows 7 , 64 bit Build 7601 Service Pack 1

CPU:total 4 (2 cores per cpu, 2 threads per core) family 6 model 42 stepping 7, cmov, cx8, fxsr, mmx, sse, sse2, sse3, ssse3, sse4.1, sse4.2, popcnt, avx, ht, tsc, tscinvbit

Memory: 4k page, physical 10464268k(3322160k free), swap 20926676k(12792460k free)

vm_info: Java HotSpot(TM) 64-Bit Server VM (24.79-b02) for windows-amd64 JRE (1.7.0_79-b15), built on Apr 10 2015 12:36:16 by "java_re" with unknown MS VC++:1600

time: Fri May 04 13:36:43 2018
elapsed time: 1143 seconds

